Arguments: 
  C:\Program Files\nodejs\node.exe C:\Users\seo_hyun\AppData\Roaming\npm\node_modules\yarn\bin\yarn.js

PATH: 
  C:\Program Files (x86)\Microsoft SDKs\Azure\CLI2\wbin;C:\Program Files\Python310\Scripts\;C:\Program Files\Python310\;C:\Windows\system32;C:\Windows;C:\Windows\System32\Wbem;C:\Windows\System32\WindowsPowerShell\v1.0\;C:\Windows\System32\OpenSSH\;C:\Program Files\NVIDIA Corporation\NVIDIA NvDLISR;C:\Program Files\Bandizip\;C:\Program Files (x86)\NVIDIA Corporation\PhysX\Common;C:\Program Files\nodejs\;C:\ProgramData\chocolatey\bin;C:\Program Files\Git\cmd;C:\Program Files\Docker\Docker\resources\bin;C:\ProgramData\DockerDesktop\version-bin;C:\Program Files (x86)\Pulse Secure\VC142.CRT\X64\;C:\Program Files (x86)\Pulse Secure\VC142.CRT\X86\;C:\Users\seo_hyun\AppData\Local\Microsoft\WindowsApps;C:\Users\seo_hyun\AppData\Roaming\npm;C:\Users\seo_hyun\AppData\Local\Programs\Microsoft VS Code Insiders\bin;C:\Users\seo_hyun\AppData\Local\Google\Cloud SDK\google-cloud-sdk\bin

Yarn version: 
  1.22.17

Node version: 
  16.14.0

Platform: 
  win32 x64

Trace: 
  SyntaxError: C:\Coding\ghpage\package.json: Unexpected token : in JSON at position 9
      at JSON.parse (<anonymous>)
      at C:\Users\seo_hyun\AppData\Roaming\npm\node_modules\yarn\lib\cli.js:1625:59
      at Generator.next (<anonymous>)
      at step (C:\Users\seo_hyun\AppData\Roaming\npm\node_modules\yarn\lib\cli.js:310:30)
      at C:\Users\seo_hyun\AppData\Roaming\npm\node_modules\yarn\lib\cli.js:321:13

npm manifest: 
  "name": "ghpage",
    "version": "0.0.1",
    "scripts": {
      "dev": "svelte-kit dev",
      "build": "svelte-kit build",
      "package": "svelte-kit package",
      "preview": "svelte-kit preview",
      "test": "playwright test",
      "check": "svelte-check --tsconfig tsconfig.json",
      "check:watch": "svelte-check --tsconfig tsconfig.json --watch",
      "lint": "prettier --ignore-path .gitignore --check --plugin-search-dir=. . && eslint --ignore-path .gitignore .",
      "format": "prettier --ignore-path .gitignore --write --plugin-search-dir=. ."
    },
    "devDependencies": {
      "@playwright/test": "^1.19.1",
      "@sveltejs/adapter-auto": "next",
      "@sveltejs/kit": "next",
      "@typescript-eslint/eslint-plugin": "^5.10.1",
      "@typescript-eslint/parser": "^5.10.1",
      "eslint": "^7.32.0",
      "eslint-config-prettier": "^8.3.0",
      "eslint-plugin-svelte3": "^3.2.1",
      "prettier": "^2.5.1",
      "prettier-plugin-svelte": "^2.5.0",
      "svelte": "^3.44.0",
      "svelte-check": "^2.2.6",
      "svelte-preprocess": "^4.10.1",
      "tslib": "^2.3.1",
      "typescript": "~4.5.4"
    },
    "type": "module"
  }

yarn manifest: 
  No manifest

Lockfile: 
  No lockfile
